<?xml version="1.0" encoding="UTF-8"?>
<testsuite xmlns:xsi="http://www.w3.org/2001/XMLSchema-instance" xsi:noNamespaceSchemaLocation="https://maven.apache.org/surefire/maven-surefire-plugin/xsd/surefire-test-report-3.0.xsd" version="3.0" name="com.ragnarok.engine.repository.EquipmentRepositoryTest" time="0.031" tests="3" errors="0" skipped="0" failures="1">
  <properties>
[...]
</properties>
  <testcase name="shouldThrowExceptionForNonExistentItemId" classname="com.ragnarok.engine.repository.EquipmentRepositoryTest" time="0.016">
    <failure message="&#10;expected: &quot;No se encontró ningún EquipmentItem con el ID: 9999&quot;&#10; but was: &quot;No EquipmentItem found with ID: 9999&quot;" type="org.opentest4j.AssertionFailedError"><![CDATA[org.opentest4j.AssertionFailedError: 

expected: "No se encontró ningún EquipmentItem con el ID: 9999"
 but was: "No EquipmentItem found with ID: 9999"
	at java.base/jdk.internal.reflect.DirectConstructorHandleAccessor.newInstance(DirectConstructorHandleAccessor.java:62)
	at java.base/java.lang.reflect.Constructor.newInstanceWithCaller(Constructor.java:499)
	at com.ragnarok.engine.repository.EquipmentRepositoryTest.shouldThrowExceptionForNonExistentItemId(EquipmentRepositoryTest.java:45)
	at java.base/java.lang.reflect.Method.invoke(Method.java:565)
	at java.base/java.util.ArrayList.forEach(ArrayList.java:1604)
	at java.base/java.util.ArrayList.forEach(ArrayList.java:1604)
]]></failure>
  </testcase>
  <testcase name="shouldFindMultipleItemsByIds" classname="com.ragnarok.engine.repository.EquipmentRepositoryTest" time="0.01"/>
  <testcase name="shouldFindExistingItemById" classname="com.ragnarok.engine.repository.EquipmentRepositoryTest" time="0.002"/>
</testsuite>